Arguments: 
  /usr/bin/node /usr/share/yarn/bin/yarn.js run prettier

PATH: 
  /home/mateus/bin:/home/mateus/.local/bin:/home/mateus/.rvm/gems/ruby-2.5.1/bin:/home/mateus/.rvm/gems/ruby-2.5.1@global/bin:/usr/share/rvm/rubies/ruby-2.5.1/bin:/home/mateus/bin:/home/mateus/.local/bin:/usr/local/sbin:/usr/local/bin:/usr/sbin:/usr/bin:/sbin:/bin:/usr/games:/usr/local/games:/snap/bin:/usr/share/rvm/bin

Yarn version: 
  1.9.4

Node version: 
  8.11.3

Platform: 
  linux x64

Trace: 
  SyntaxError: /home/mateus/Documentos/Projetos/expnode/package.json: Unexpected token s in JSON at position 283
      at JSON.parse (<anonymous>)
      at /usr/share/yarn/lib/cli.js:1130:59
      at Generator.next (<anonymous>)
      at step (/usr/share/yarn/lib/cli.js:92:30)
      at /usr/share/yarn/lib/cli.js:103:13
      at <anonymous>

npm manifest: 
  {
    "name": "myjs",
    "version": "0.0.1",
    "description": "my node js lib",
    "main": "index.js",
    "repository": "https://github.com/MateusGabi/MyLib",
    "author": "Mateus Gabi Moreira <mateusgabimoreira@gmail.com>",
    "license": "MIT",
    "private": false,
    "dependencies": {},
    scripts: {
    	"prettier": "prettier --write */**/*.js"
    }
    "devDependencies": {
      "prettier": "^1.14.2"
    }
  }

yarn manifest: 
  No manifest

Lockfile: 
  # THIS IS AN AUTOGENERATED FILE. DO NOT EDIT THIS FILE DIRECTLY.
  # yarn lockfile v1
  
  
  prettier@^1.14.2:
    version "1.14.2"
    resolved "https://registry.yarnpkg.com/prettier/-/prettier-1.14.2.tgz#0ac1c6e1a90baa22a62925f41963c841983282f9"
